2025-05-21 15:24:14,864 : INFO : main : >>01 stageData Ingestion stage started.........<<
2025-05-21 15:24:14,866 : INFO : common : yaml file: config\config.yaml loaded successfully
2025-05-21 15:24:14,867 : INFO : common : yaml file: params.yaml loaded successfully
2025-05-21 15:24:14,869 : INFO : common : yaml file: schema.yaml loaded successfully
2025-05-21 15:24:14,870 : INFO : common : created directory at: artifacts
2025-05-21 15:24:14,870 : INFO : common : created directory at: artifacts/data_ingestion
2025-05-21 15:24:16,139 : INFO : data_ingestion_component : artifacts/data_ingestion/data.zip download! with following info: 
Connection: close
Content-Length: 26148
Cache-Control: max-age=300
Content-Security-Policy: default-src 'none'; style-src 'unsafe-inline'; sandbox
Content-Type: application/zip
ETag: "d9fccfa514183dfc3e92042446614fd698dbaee53a73a620815683d730cd5483"
Strict-Transport-Security: max-age=31536000
X-Content-Type-Options: nosniff
X-Frame-Options: deny
X-XSS-Protection: 1; mode=block
X-GitHub-Request-Id: A92A:2B730B:507DC5:596909:682D90DC
Accept-Ranges: bytes
Date: Wed, 21 May 2025 09:24:16 GMT
Via: 1.1 varnish
X-Served-By: cache-sin-wsss1830023-SIN
X-Cache: HIT
X-Cache-Hits: 0
X-Timer: S1747819456.701143,VS0,VE441
Vary: Authorization,Accept-Encoding,Origin
Access-Control-Allow-Origin: *
Cross-Origin-Resource-Policy: cross-origin
X-Fastly-Request-ID: 0b211cbecb784808ca30ad4e0ef35a7f19c8140e
Expires: Wed, 21 May 2025 09:29:16 GMT
Source-Age: 0


2025-05-21 15:24:16,212 : INFO : main : >>stageData Ingestion stage completed.........<<

2025-05-21 22:43:39,061 : INFO : common : yaml file: config\config.yaml loaded successfully
2025-05-21 22:43:39,096 : INFO : common : yaml file: params.yaml loaded successfully
2025-05-21 22:43:39,100 : INFO : common : yaml file: schema.yaml loaded successfully
2025-05-21 22:43:39,102 : INFO : common : created directory at: artifacts
2025-05-21 22:43:39,103 : INFO : common : created directory at: artifacts/data_validation
2025-05-21 22:45:31,353 : INFO : common : yaml file: config\config.yaml loaded successfully
2025-05-21 22:45:31,356 : INFO : common : yaml file: params.yaml loaded successfully
2025-05-21 22:45:31,361 : INFO : common : yaml file: schema.yaml loaded successfully
2025-05-21 22:45:31,364 : INFO : common : created directory at: artifacts
2025-05-21 22:45:31,367 : INFO : common : created directory at: artifacts/data_validation
2025-05-21 22:45:31,376 : INFO : 3280853632 : >>Completed Data validation<<
2025-05-21 22:45:31,379 : INFO : 3280853632 : >>Completed Data validation<<
2025-05-21 22:45:31,382 : INFO : 3280853632 : >>Completed Data validation<<
2025-05-21 22:45:31,383 : INFO : 3280853632 : >>Completed Data validation<<
2025-05-21 22:45:31,385 : INFO : 3280853632 : >>Completed Data validation<<
2025-05-21 22:45:31,387 : INFO : 3280853632 : >>Completed Data validation<<
2025-05-21 22:45:31,390 : INFO : 3280853632 : >>Completed Data validation<<
2025-05-21 22:45:31,393 : INFO : 3280853632 : >>Completed Data validation<<
2025-05-21 22:45:31,396 : INFO : 3280853632 : >>Completed Data validation<<
2025-05-21 22:45:31,400 : INFO : 3280853632 : >>Completed Data validation<<
2025-05-21 22:45:31,404 : INFO : 3280853632 : >>Completed Data validation<<
2025-05-21 22:45:31,406 : INFO : 3280853632 : >>Completed Data validation<<
2025-05-21 22:46:50,526 : INFO : common : yaml file: config\config.yaml loaded successfully
2025-05-21 22:46:50,528 : INFO : common : yaml file: params.yaml loaded successfully
2025-05-21 22:46:50,532 : INFO : common : yaml file: schema.yaml loaded successfully
2025-05-21 22:46:50,535 : INFO : common : created directory at: artifacts
2025-05-21 22:46:50,537 : INFO : common : created directory at: artifacts/data_validation
2025-05-21 22:46:50,546 : INFO : 530692623 : >>Completed Data validation<<
2025-05-21 22:46:50,549 : INFO : 530692623 : >>Completed Data validation<<
2025-05-21 22:46:50,552 : INFO : 530692623 : >>Completed Data validation<<
2025-05-21 22:46:50,554 : INFO : 530692623 : >>Completed Data validation<<
2025-05-21 22:46:50,556 : INFO : 530692623 : >>Completed Data validation<<
2025-05-21 22:46:50,558 : INFO : 530692623 : >>Completed Data validation<<
2025-05-21 22:46:50,560 : INFO : 530692623 : >>Completed Data validation<<
2025-05-21 22:46:50,563 : INFO : 530692623 : >>Completed Data validation<<
2025-05-21 22:46:50,565 : INFO : 530692623 : >>Completed Data validation<<
2025-05-21 22:46:50,568 : INFO : 530692623 : >>Completed Data validation<<
2025-05-21 22:46:50,571 : INFO : 530692623 : >>Completed Data validation<<
2025-05-21 22:46:50,574 : INFO : 530692623 : >>Completed Data validation<<
2025-05-21 22:47:32,576 : INFO : common : yaml file: config\config.yaml loaded successfully
2025-05-21 22:47:32,579 : INFO : common : yaml file: params.yaml loaded successfully
2025-05-21 22:47:32,583 : INFO : common : yaml file: schema.yaml loaded successfully
2025-05-21 22:47:32,586 : INFO : common : created directory at: artifacts
2025-05-21 22:47:32,588 : INFO : common : created directory at: artifacts/data_validation
2025-05-21 23:12:42,618 : INFO : main : >>01 stageData Ingestion stage started.........<<
2025-05-21 23:12:42,620 : INFO : common : yaml file: config\config.yaml loaded successfully
2025-05-21 23:12:42,621 : INFO : common : yaml file: params.yaml loaded successfully
2025-05-21 23:12:42,622 : INFO : common : yaml file: schema.yaml loaded successfully
2025-05-21 23:12:42,623 : INFO : common : created directory at: artifacts
2025-05-21 23:12:42,623 : INFO : common : created directory at: artifacts/data_ingestion
2025-05-21 23:12:42,623 : INFO : data_ingestion_component : File already exists and size: ~ 26 KB
2025-05-21 23:12:42,687 : INFO : main : >>stageData Ingestion stage completed.........<<

2025-05-21 23:12:42,688 : INFO : main : >>>>>> stage Data validation stage started <<<<<<
2025-05-21 23:12:42,690 : INFO : common : yaml file: config\config.yaml loaded successfully
2025-05-21 23:12:42,691 : INFO : common : yaml file: params.yaml loaded successfully
2025-05-21 23:12:42,693 : INFO : common : yaml file: schema.yaml loaded successfully
2025-05-21 23:12:42,694 : INFO : common : created directory at: artifacts
2025-05-21 23:12:42,694 : INFO : common : created directory at: artifacts/data_validation
2025-05-21 23:12:42,725 : INFO : main : >>>>>> stage Data validation stage completed <<<<<<

x==========x
